2022-05-29 20:12:17,094 | INFO | Fn | load_teams | Begin
2022-05-29 20:12:17,100 | INFO | Fn | load_teams | Complete | 0:00:00.006273
2022-05-29 20:12:17,100 | INFO | Fn | load_games | Begin
2022-05-29 20:12:19,816 | INFO | Creating 30 indexes on games
2022-05-29 20:12:34,308 | INFO | Fn | load_games | Complete | 0:00:17.207746
2022-05-29 20:12:34,308 | INFO | Fn | load_calendar | Begin
2022-05-29 20:12:34,363 | INFO | Fn | load_calendar | Complete | 0:00:00.054759
2022-05-29 20:12:34,363 | INFO | Fn | load_vegas | Begin
2022-05-29 20:12:34,368 | INFO | Creating 30 indexes on vegas_lines
2022-05-29 20:12:34,397 | INFO | 2008
2022-05-29 20:12:34,397 | DEBUG | Fn | single_season_vegas_load | Begin
2022-05-29 20:12:36,500 | DEBUG | Dropping 0 bad dated records
2022-05-29 20:12:36,543 | DEBUG | Dropped 21 records due to missing names 0.60%
2022-05-29 20:12:36,717 | DEBUG | Dropped 124 records due to no matching game 3.54%
2022-05-29 20:12:36,724 | DEBUG | Fn | single_season_vegas_load | Complete | 0:00:02.327729
2022-05-29 20:12:36,891 | INFO | 2009
2022-05-29 20:12:36,891 | DEBUG | Fn | single_season_vegas_load | Begin
2022-05-29 20:12:38,567 | DEBUG | Dropping 0 bad dated records
2022-05-29 20:12:38,608 | DEBUG | Dropped 17 records due to missing names 0.49%
2022-05-29 20:12:38,776 | DEBUG | Dropped 134 records due to no matching game 3.87%
2022-05-29 20:12:38,783 | DEBUG | Fn | single_season_vegas_load | Complete | 0:00:01.892346
2022-05-29 20:12:39,065 | INFO | 2010
2022-05-29 20:12:39,065 | DEBUG | Fn | single_season_vegas_load | Begin
2022-05-29 20:12:40,737 | DEBUG | Dropping 0 bad dated records
2022-05-29 20:12:40,782 | DEBUG | Dropped 19 records due to missing names 0.51%
2022-05-29 20:12:40,956 | DEBUG | Dropped 165 records due to no matching game 4.46%
2022-05-29 20:12:40,964 | DEBUG | Fn | single_season_vegas_load | Complete | 0:00:01.898956
2022-05-29 20:12:41,325 | INFO | 2011
2022-05-29 20:12:41,326 | DEBUG | Fn | single_season_vegas_load | Begin
2022-05-29 20:12:43,068 | DEBUG | Dropping 0 bad dated records
2022-05-29 20:12:43,113 | DEBUG | Dropped 15 records due to missing names 0.40%
2022-05-29 20:12:43,286 | DEBUG | Dropped 186 records due to no matching game 4.93%
2022-05-29 20:12:43,293 | DEBUG | Fn | single_season_vegas_load | Complete | 0:00:01.967790
2022-05-29 20:12:43,737 | INFO | 2012
2022-05-29 20:12:43,737 | DEBUG | Fn | single_season_vegas_load | Begin
2022-05-29 20:12:45,484 | DEBUG | Dropping 2 bad dated records
2022-05-29 20:12:45,529 | DEBUG | Dropped 14 records due to missing names 0.37%
2022-05-29 20:12:45,710 | DEBUG | Dropped 190 records due to no matching game 5.06%
2022-05-29 20:12:45,718 | DEBUG | Fn | single_season_vegas_load | Complete | 0:00:01.980499
2022-05-29 20:12:46,208 | INFO | 2013
2022-05-29 20:12:46,208 | DEBUG | Fn | single_season_vegas_load | Begin
2022-05-29 20:12:47,894 | DEBUG | Dropping 0 bad dated records
2022-05-29 20:12:47,939 | DEBUG | Dropped 10 records due to missing names 0.25%
2022-05-29 20:12:48,122 | DEBUG | Dropped 203 records due to no matching game 5.16%
2022-05-29 20:12:48,129 | DEBUG | Fn | single_season_vegas_load | Complete | 0:00:01.921576
2022-05-29 20:12:48,682 | INFO | 2014
2022-05-29 20:12:48,682 | DEBUG | Fn | single_season_vegas_load | Begin
2022-05-29 20:12:50,371 | DEBUG | Dropping 0 bad dated records
2022-05-29 20:12:50,416 | DEBUG | Dropped 19 records due to missing names 0.48%
2022-05-29 20:12:50,604 | DEBUG | Dropped 199 records due to no matching game 5.10%
2022-05-29 20:12:50,613 | DEBUG | Fn | single_season_vegas_load | Complete | 0:00:01.931180
2022-05-29 20:12:51,183 | INFO | 2015
2022-05-29 20:12:51,183 | DEBUG | Fn | single_season_vegas_load | Begin
2022-05-29 20:12:53,119 | DEBUG | Dropping 0 bad dated records
2022-05-29 20:12:53,165 | DEBUG | Dropped 6 records due to missing names 0.15%
2022-05-29 20:12:53,343 | DEBUG | Dropped 174 records due to no matching game 4.35%
2022-05-29 20:12:53,352 | DEBUG | Fn | single_season_vegas_load | Complete | 0:00:02.168726
2022-05-29 20:12:53,962 | INFO | 2016
2022-05-29 20:12:53,962 | DEBUG | Fn | single_season_vegas_load | Begin
2022-05-29 20:12:55,800 | DEBUG | Dropping 0 bad dated records
2022-05-29 20:12:55,850 | DEBUG | Dropped 6 records due to missing names 0.15%
2022-05-29 20:12:56,038 | DEBUG | Dropped 218 records due to no matching game 5.44%
2022-05-29 20:12:56,046 | DEBUG | Fn | single_season_vegas_load | Complete | 0:00:02.083632
2022-05-29 20:12:56,671 | INFO | 2017
2022-05-29 20:12:56,671 | DEBUG | Fn | single_season_vegas_load | Begin
2022-05-29 20:12:58,441 | DEBUG | Dropping 0 bad dated records
2022-05-29 20:12:58,489 | DEBUG | Dropped 7 records due to missing names 0.17%
2022-05-29 20:12:58,673 | DEBUG | Dropped 165 records due to no matching game 4.11%
2022-05-29 20:12:58,681 | DEBUG | Fn | single_season_vegas_load | Complete | 0:00:02.009806
2022-05-29 20:12:59,323 | INFO | 2018
2022-05-29 20:12:59,323 | DEBUG | Fn | single_season_vegas_load | Begin
2022-05-29 20:13:01,117 | DEBUG | Dropping 0 bad dated records
2022-05-29 20:13:01,166 | DEBUG | Dropped 14 records due to missing names 0.34%
2022-05-29 20:13:01,357 | DEBUG | Dropped 138 records due to no matching game 3.40%
2022-05-29 20:13:01,366 | DEBUG | Fn | single_season_vegas_load | Complete | 0:00:02.043162
2022-05-29 20:13:02,041 | INFO | 2019
2022-05-29 20:13:02,041 | DEBUG | Fn | single_season_vegas_load | Begin
2022-05-29 20:13:04,138 | DEBUG | Dropping 0 bad dated records
2022-05-29 20:13:04,184 | DEBUG | Dropped 2 records due to date mismatch
2022-05-29 20:13:04,199 | DEBUG | Dropped 0 records due to missing names 0.00%
2022-05-29 20:13:04,422 | DEBUG | Dropped 140 records due to no matching game 2.50%
2022-05-29 20:13:04,432 | DEBUG | Fn | single_season_vegas_load | Complete | 0:00:02.391430
2022-05-29 20:13:05,320 | INFO | 2020
2022-05-29 20:13:05,320 | DEBUG | Fn | single_season_vegas_load | Begin
2022-05-29 20:13:07,310 | DEBUG | Dropping 0 bad dated records
2022-05-29 20:13:07,373 | DEBUG | Dropped 3 records due to missing names 0.06%
2022-05-29 20:13:07,599 | DEBUG | Dropped 23 records due to no matching game 0.43%
2022-05-29 20:13:07,609 | DEBUG | Fn | single_season_vegas_load | Complete | 0:00:02.289504
2022-05-29 20:13:08,509 | INFO | 2021
2022-05-29 20:13:08,509 | DEBUG | Fn | single_season_vegas_load | Begin
2022-05-29 20:13:10,250 | DEBUG | Dropping 0 bad dated records
2022-05-29 20:13:10,296 | DEBUG | Dropped 23 records due to missing names 0.59%
2022-05-29 20:13:10,459 | DEBUG | Dropped 89 records due to no matching game 2.28%
2022-05-29 20:13:10,468 | DEBUG | Fn | single_season_vegas_load | Complete | 0:00:01.959286
2022-05-29 20:13:11,168 | INFO | 2022
2022-05-29 20:13:11,168 | DEBUG | Fn | single_season_vegas_load | Begin
2022-05-29 20:13:13,264 | DEBUG | Dropping 0 bad dated records
2022-05-29 20:13:13,323 | DEBUG | Dropped 58 records due to missing names 1.06%
2022-05-29 20:13:13,544 | DEBUG | Dropped 134 records due to no matching game 2.47%
2022-05-29 20:13:13,555 | DEBUG | Fn | single_season_vegas_load | Complete | 0:00:02.386704
2022-05-29 20:13:14,491 | INFO | Fn | load_vegas | Complete | 0:00:40.127653
